info it worked if it ends with ok
verbose cli [ 'node', '/usr/bin/npm', 'install', 'genx' ]
info using npm@1.1.0-2
info using node@v0.6.11
verbose config file /home/vic/.npmrc
verbose config file /usr/etc/npmrc
verbose config file /usr/share/npm/npmrc
verbose caching /home/vic/projects/itteco-iframely/oembed-server/package.json
verbose loadDefaults oembed-server@0.1.0
verbose caching /home/vic/projects/itteco-iframely/oembed-server/node_modules/http-link/package.json
verbose loadDefaults http-link-parser@0.1.0
verbose caching /home/vic/projects/itteco-iframely/oembed-server/node_modules/underscore/package.json
verbose loadDefaults underscore@1.3.1
verbose caching /home/vic/projects/itteco-iframely/oembed-server/node_modules/sax/package.json
verbose loadDefaults sax@0.3.5
verbose from cache /home/vic/projects/itteco-iframely/oembed-server/package.json
verbose cache add [ 'genx', null ]
silly cache add: name, spec, args [ undefined, 'genx', [ 'genx', null ] ]
verbose parsed url { pathname: 'genx', path: 'genx', href: 'genx' }
verbose addNamed [ 'genx', '' ]
verbose addNamed [ null, '' ]
silly name, range, hasData [ 'genx', '', false ]
verbose raw, before any munging genx
verbose url resolving [ 'https://registry.npmjs.org/', './genx' ]
verbose url resolved https://registry.npmjs.org/genx
verbose etag "D2O38R8D319XVS9FPRWJILOTQ"
http GET https://registry.npmjs.org/genx
http 304 https://registry.npmjs.org/genx
silly get cb [ 304,
silly get cb   { server: 'CouchDB/1.1.0 (Erlang OTP/R14B04)',
silly get cb     etag: '"D2O38R8D319XVS9FPRWJILOTQ"',
silly get cb     date: 'Thu, 23 Feb 2012 13:04:29 GMT',
silly get cb     'content-length': '0' } ]
verbose etag genx from cache
silly name, range, hasData 2 [ 'genx', '', true ]
silly versions [ 'genx', [ '0.8.2', '0.8.3' ] ]
verbose bin dist [ '0.6-ares1.7.5-evundefined-openssl1.0.0g-v83.7.12.22-linux-ia32-3.2.0-1-686-pae',
verbose bin dist   { shasum: '0f11c2f0e27e1ac9619734561686b6da44639b0d',
verbose bin dist     tarball: 'http://registry.npmjs.org/genx/-/genx-0.8.3.tgz' } ]
verbose has wscript [ undefined,
verbose has wscript   { file: '/home/vic/.npm/genx/0.8.3/package/package.json',
verbose has wscript     contributors: false,
verbose has wscript     serverjs: false,
verbose has wscript     wscript: true } ]
verbose caching /home/vic/.npm/genx/0.8.3/package/package.json
verbose loadDefaults genx@0.8.3
silly resolved [ { name: 'genx',
silly resolved     version: '0.8.3',
silly resolved     description: 'Evented XML generation using the Genx C library',
silly resolved     keywords: [ 'xml', 'generation', 'generator', 'builder' ],
silly resolved     homepage: 'http://node-genx.wezm.net/',
silly resolved     author: 
silly resolved      { name: 'Wesley Moore',
silly resolved        email: 'wes@wezm.net',
silly resolved        url: 'http://www.wezm.net/' },
silly resolved     repository: { type: 'git', url: 'git://github.com/wezm/node-genx.git' },
silly resolved     main: './build/default/genx',
silly resolved     engines: { node: '>=0.2.5' },
silly resolved     licenses: 
silly resolved      [ { type: 'BSD',
silly resolved          url: 'https://github.com/wezm/node-genx/blob/master/LICENSE' } ],
silly resolved     scripts: { preinstall: 'node-waf configure build', test: 'jasbin' },
silly resolved     _id: 'genx@0.8.3',
silly resolved     dependencies: {},
silly resolved     devDependencies: {},
silly resolved     optionalDependencies: {},
silly resolved     _engineSupported: true,
silly resolved     _npmVersion: '1.1.0-2',
silly resolved     _nodeVersion: 'v0.6.11',
silly resolved     _defaultsLoaded: true } ]
info into /home/vic/projects/itteco-iframely/oembed-server genx@0.8.3
info installOne genx@0.8.3
info unbuild /home/vic/projects/itteco-iframely/oembed-server/node_modules/genx
verbose from cache /home/vic/.npm/genx/0.8.3/package/package.json
verbose mkdir (expected) error ENOENT, no such file or directory '/home/vic/projects/itteco-iframely/oembed-server/node_modules/___genx.npm'
verbose mkdir done: /home/vic/projects/itteco-iframely/oembed-server/node_modules/___genx.npm 755
verbose unpack_ uid, gid [ undefined, undefined ]
verbose unpackTarget /home/vic/projects/itteco-iframely/oembed-server/node_modules/genx
silly gunzTarPerm modes [ '755', '644' ]
silly afterUntar undefined
silly asyncMap in gTP /home/vic/projects/itteco-iframely/oembed-server/node_modules/___genx.npm/package
silly asyncMap in gTP /home/vic/projects/itteco-iframely/oembed-server/node_modules/___genx.npm/package/.npmignore
silly asyncMap in gTP /home/vic/projects/itteco-iframely/oembed-server/node_modules/___genx.npm/package/Guardfile
silly asyncMap in gTP /home/vic/projects/itteco-iframely/oembed-server/node_modules/___genx.npm/package/LICENSE
silly asyncMap in gTP /home/vic/projects/itteco-iframely/oembed-server/node_modules/___genx.npm/package/README.markdown
silly asyncMap in gTP /home/vic/projects/itteco-iframely/oembed-server/node_modules/___genx.npm/package/genx-COPYING
silly asyncMap in gTP /home/vic/projects/itteco-iframely/oembed-server/node_modules/___genx.npm/package/package.json
silly asyncMap in gTP /home/vic/projects/itteco-iframely/oembed-server/node_modules/___genx.npm/package/wscript
silly asyncMap in gTP /home/vic/projects/itteco-iframely/oembed-server/node_modules/___genx.npm/package/examples
silly asyncMap in gTP /home/vic/projects/itteco-iframely/oembed-server/node_modules/___genx.npm/package/examples/atom.js
silly asyncMap in gTP /home/vic/projects/itteco-iframely/oembed-server/node_modules/___genx.npm/package/spec
silly asyncMap in gTP /home/vic/projects/itteco-iframely/oembed-server/node_modules/___genx.npm/package/spec/writer_spec.coffee
silly asyncMap in gTP /home/vic/projects/itteco-iframely/oembed-server/node_modules/___genx.npm/package/src
silly asyncMap in gTP /home/vic/projects/itteco-iframely/oembed-server/node_modules/___genx.npm/package/src/attribute.cc
silly asyncMap in gTP /home/vic/projects/itteco-iframely/oembed-server/node_modules/___genx.npm/package/src/attribute.h
silly asyncMap in gTP /home/vic/projects/itteco-iframely/oembed-server/node_modules/___genx.npm/package/src/charProps.cc
silly asyncMap in gTP /home/vic/projects/itteco-iframely/oembed-server/node_modules/___genx.npm/package/src/element.cc
silly asyncMap in gTP /home/vic/projects/itteco-iframely/oembed-server/node_modules/___genx.npm/package/src/element.h
silly asyncMap in gTP /home/vic/projects/itteco-iframely/oembed-server/node_modules/___genx.npm/package/src/genx.cc
silly asyncMap in gTP /home/vic/projects/itteco-iframely/oembed-server/node_modules/___genx.npm/package/src/genx.h
silly asyncMap in gTP /home/vic/projects/itteco-iframely/oembed-server/node_modules/___genx.npm/package/src/namespace.cc
silly asyncMap in gTP /home/vic/projects/itteco-iframely/oembed-server/node_modules/___genx.npm/package/src/namespace.h
silly asyncMap in gTP /home/vic/projects/itteco-iframely/oembed-server/node_modules/___genx.npm/package/src/node-genx.cc
silly asyncMap in gTP /home/vic/projects/itteco-iframely/oembed-server/node_modules/___genx.npm/package/src/node-genx.h
silly asyncMap in gTP /home/vic/projects/itteco-iframely/oembed-server/node_modules/___genx.npm/package/src/writer.cc
silly asyncMap in gTP /home/vic/projects/itteco-iframely/oembed-server/node_modules/___genx.npm/package/src/writer.h
verbose gunzed /home/vic/projects/itteco-iframely/oembed-server/node_modules/___genx.npm/package
verbose rm'ed /home/vic/projects/itteco-iframely/oembed-server/node_modules/genx
verbose renamed [ '/home/vic/projects/itteco-iframely/oembed-server/node_modules/___genx.npm/package',
verbose renamed   '/home/vic/projects/itteco-iframely/oembed-server/node_modules/genx' ]
verbose has wscript [ undefined,
verbose has wscript   { file: '/home/vic/projects/itteco-iframely/oembed-server/node_modules/genx/package.json',
verbose has wscript     contributors: false,
verbose has wscript     serverjs: false,
verbose has wscript     wscript: true } ]
verbose caching /home/vic/projects/itteco-iframely/oembed-server/node_modules/genx/package.json
verbose loadDefaults genx@0.8.3
info preinstall genx@0.8.3
verbose unsafe-perm in lifecycle true
silly exec sh "-c" "node-waf configure build"
silly spawning [ 'sh',
silly spawning   [ '-c', 'node-waf configure build' ],
silly spawning   '/home/vic/projects/itteco-iframely/oembed-server/node_modules/genx' ]
info genx@0.8.3 Failed to exec preinstall script
ERR! error installing genx@0.8.3
info unbuild /home/vic/projects/itteco-iframely/oembed-server/node_modules/genx
verbose from cache /home/vic/projects/itteco-iframely/oembed-server/node_modules/genx/package.json
info preuninstall genx@0.8.3
info uninstall genx@0.8.3
verbose unbuild genx@0.8.3 [ true,
verbose unbuild genx@0.8.3   '/home/vic/projects/itteco-iframely/oembed-server/node_modules',
verbose unbuild genx@0.8.3   '/home/vic/projects/itteco-iframely/oembed-server/node_modules' ]
info postuninstall genx@0.8.3
verbose installOne cb genx@0.8.3
ERR! genx@0.8.3 preinstall: `node-waf configure build`
ERR! `sh "-c" "node-waf configure build"` failed with 1
ERR! 
ERR! Failed at the genx@0.8.3 preinstall script.
ERR! This is most likely a problem with the genx package,
ERR! not with npm itself.
ERR! Tell the author that this fails on your system:
ERR!     node-waf configure build
ERR! You can get their info via:
ERR!     npm owner ls genx
ERR! There is likely additional logging output above.
ERR! 
ERR! System Linux 3.2.0-1-686-pae
ERR! command "node" "/usr/bin/npm" "install" "genx"
ERR! cwd /home/vic/projects/itteco-iframely/oembed-server
ERR! node -v v0.6.11
ERR! npm -v 1.1.0-2
ERR! code ELIFECYCLE
ERR! message genx@0.8.3 preinstall: `node-waf configure build`
ERR! message `sh "-c" "node-waf configure build"` failed with 1
ERR! errno {}
verbose exit [ 1, true ]
